<?xml version="1.0" encoding="UTF-8"?>
<!-- Generated by org.testng.reporters.JUnitReportReporter -->
<testsuite hostname="nuvz-265" name="com.flipakart.Testmaven" tests="2" failures="0" timestamp="11 May 2019 14:05:47 GMT" time="0.016" errors="0">
  <testcase name="method7" time="0.004" classname="com.flipakart.Testmaven"/>
  <testcase name="method8" time="0.012" classname="com.flipakart.Testmaven"/>
</testsuite> <!-- com.flipakart.Testmaven -->
