<?xml version="1.0" encoding="UTF-8"?>
<!-- Generated by org.testng.reporters.JUnitReportReporter -->
<testsuite hostname="nuvz-265" name="com.ng.Newtestng" tests="2" failures="0" timestamp="29 Jul 2019 13:05:01 GMT" time="0.020" errors="0">
  <testcase name="googleTitletest1" time="0.012" classname="com.ng.Newtestng"/>
  <testcase name="googleTitletest" time="0.008" classname="com.ng.Newtestng"/>
</testsuite> <!-- com.ng.Newtestng -->
