<?xml version="1.0" encoding="UTF-8"?>
<!-- Generated by org.testng.reporters.JUnitReportReporter -->
<testsuite hostname="nuvz-265" name="com.seleniumprogram.Testmaven" tests="2" failures="0" timestamp="23 Jul 2019 06:34:20 GMT" time="0.016" errors="0">
  <testcase name="method7" time="0.004" classname="com.seleniumprogram.Testmaven"/>
  <testcase name="method8" time="0.012" classname="com.seleniumprogram.Testmaven"/>
</testsuite> <!-- com.seleniumprogram.Testmaven -->
