<?xml version="1.0" encoding="UTF-8"?>
<!-- Generated by org.testng.reporters.JUnitReportReporter -->
<testsuite hostname="nuvz-265" name="com.ng.Newtestng" tests="1" failures="0" timestamp="22 May 2019 13:41:17 GMT" time="0.008" errors="0">
  <testcase name="googleTitletest" time="0.008" classname="com.ng.Newtestng"/>
</testsuite> <!-- com.ng.Newtestng -->
