<?xml version="1.0" encoding="UTF-8"?>
<!-- Generated by org.testng.reporters.JUnitReportReporter -->
<testsuite hostname="nuvz-265" name="com.ng.Assertion" tests="2" failures="0" timestamp="31 May 2019 12:56:04 GMT" time="52.459" errors="0">
  <testcase name="logo" time="34.900" classname="com.ng.Assertion"/>
  <testcase name="title" time="17.559" classname="com.ng.Assertion"/>
</testsuite> <!-- com.ng.Assertion -->
