<?xml version="1.0" encoding="UTF-8"?>
<!-- Generated by org.testng.reporters.JUnitReportReporter -->
<testsuite hostname="nuvz-265" name="com.ng.NewTest" tests="1" failures="1" timestamp="29 May 2019 12:42:43 GMT" time="0.032" errors="0">
  <testcase name="f" time="0.032" classname="com.ng.NewTest">
    <failure type="org.openqa.selenium.WebDriverException" message="Failed to connect to binary FirefoxBinary(C:\Program Files (x86)\Mozilla Firefox\firefox.exe) on port 7055; process output follows: 
,&quot;locales&quot;:[],&quot;targetApplications&quot;:[{&quot;id&quot;:&quot;toolkit@mozilla.org&quot;,&quot;minVersion&quot;:null,&quot;maxVersion&quot;:null}],&quot;targetPlatforms&quot;:[],&quot;seen&quot;:true,&quot;dependencies&quot;:[],&quot;userPermissions&quot;:{&quot;permissions&quot;:[&quot;tabs&quot;],&quot;origins&quot;:[&quot;&lt;all_urls&gt;&quot;]},&quot;icons&quot;:{&quot;16&quot;:&quot;icons/lightbulb.svg&quot;,&quot;32&quot;:&quot;icons/lightbulb.svg&quot;,&quot;48&quot;:&quot;icons/lightbulb.svg&quot;,&quot;96&quot;:&quot;icons/lightbulb.svg&quot;,&quot;128&quot;:&quot;icons/lightbulb.svg&quot;},&quot;iconURL&quot;:null,&quot;blocklistState&quot;:0,&quot;blocklistURL&quot;:null,&quot;startupData&quot;:null,&quot;hidden&quot;:true,&quot;installTelemetryInfo&quot;:null,&quot;location&quot;:&quot;app-system-defaults&quot;}
1559133710894	addons.xpi	DEBUG	Updating XPIState for {&quot;id&quot;:&quot;webcompat@mozilla.org&quot;,&quot;syncGUID&quot;:&quot;{20d8ba14-7d71-4020-ba3c-e557d84ec601}&quot;,&quot;version&quot;:&quot;3.0.2&quot;,&quot;type&quot;:&quot;extension&quot;,&quot;loader&quot;:null,&quot;updateURL&quot;:null,&quot;optionsURL&quot;:null,&quot;optionsType&quot;:null,&quot;optionsBrowserStyle&quot;:true,&quot;aboutURL&quot;:null,&quot;defaultLocale&quot;:{&quot;name&quot;:&quot;Web Compat&quot;,&quot;description&quot;:&quot;Urgent post-release fixes for web compatibility.&quot;,&quot;creator&quot;:null,&quot;developers&quot;:null,&quot;translators&quot;:null,&quot;contributors&quot;:null},&quot;visible&quot;:true,&quot;active&quot;:true,&quot;userDisabled&quot;:false,&quot;appDisabled&quot;:false,&quot;installDate&quot;:1557200247805,&quot;updateDate&quot;:1557200247805,&quot;applyBackgroundUpdates&quot;:1,&quot;path&quot;:&quot;C:\\Program Files (x86)\\Mozilla Firefox\\browser\\features\\webcompat@mozilla.org.xpi&quot;,&quot;skinnable&quot;:false,&quot;sourceURI&quot;:null,&quot;releaseNotesURI&quot;:null,&quot;softDisabled&quot;:false,&quot;foreignInstall&quot;:false,&quot;strictCompatibility&quot;:true,&quot;locales&quot;:[],&quot;targetApplications&quot;:[{&quot;id&quot;:&quot;toolkit@mozilla.org&quot;,&quot;minVersion&quot;:&quot;59.0b5&quot;,&quot;maxVersion&quot;:null}],&quot;targetPlatforms&quot;:[],&quot;seen&quot;:true,&quot;dependencies&quot;:[],&quot;userPermissions&quot;:{&quot;permissions&quot;:[&quot;webRequest&quot;,&quot;webRequestBlocking&quot;],&quot;origins&quot;:[&quot;&lt;all_urls&gt;&quot;]},&quot;icons&quot;:{},&quot;iconURL&quot;:null,&quot;blocklistState&quot;:0,&quot;blocklistURL&quot;:null,&quot;startupData&quot;:null,&quot;hidden&quot;:true,&quot;installTelemetryInfo&quot;:null,&quot;location&quot;:&quot;app-system-defaults&quot;}
1559133710894	addons.xpi-utils	DEBUG	Updating add-on states
1559133710898	addons.xpi	DEBUG	Calling bootstrap method startup on formautofill@mozilla.org version 1.0
1559133710901	addons.xpi	DEBUG	Calling bootstrap method startup on screenshots@mozilla.org version 35.0.0
1559133710902	addons.xpi	DEBUG	Calling bootstrap method startup on webcompat@mozilla.org version 3.0.2
1559133710930	addons.manager	DEBUG	Registering shutdown blocker for XPIProvider
1559133710930	addons.manager	DEBUG	Provider finished startup: XPIProvider
1559133710930	addons.manager	DEBUG	Starting provider: LightweightThemeManager
1559133710930	addons.manager	DEBUG	Registering shutdown blocker for LightweightThemeManager
1559133710931	addons.manager	DEBUG	Provider finished startup: LightweightThemeManager
1559133710932	addons.manager	DEBUG	Starting provider: GMPProvider
1559133710961	addons.manager	DEBUG	Registering shutdown blocker for GMPProvider
1559133710961	addons.manager	DEBUG	Provider finished startup: GMPProvider
1559133710962	addons.manager	DEBUG	Starting provider: PluginProvider
1559133710962	addons.manager	DEBUG	Registering shutdown blocker for PluginProvider
1559133710962	addons.manager	DEBUG	Provider finished startup: PluginProvider
1559133710973	addons.manager	DEBUG	Completed startup sequence
1559133718487	addons.repository	DEBUG	No addons.json found.
1559133727938	addons.xpi	DEBUG	Ignoring file: name is not a valid add-on ID: C:\Users\gcharchi\AppData\Local\Temp\anonymous4421326908970240099webdriver-profile\extensions\webdriver-staging
1559133727939	addons.xpi	DEBUG	Existing add-on formautofill@mozilla.org in app-system-defaults
1559133727940	addons.xpi	DEBUG	Existing add-on screenshots@mozilla.org in app-system-defaults
1559133727941	addons.xpi	DEBUG	Existing add-on webcompat-reporter@mozilla.org in app-system-defaults
1559133727941	addons.xpi	DEBUG	Existing add-on webcompat@mozilla.org in app-system-defaults
1559133727943	addons.xpi	DEBUG	scanForChanges changed: false, state: {}
JavaScript error: resource://gre/modules/addons/XPIProvider.jsm, line 2614: TypeError: addon is null
1559133728609	addons.manager	DEBUG	Registering upgrade listener for formautofill@mozilla.org
[Parent 1168, Gecko_IOThread] WARNING: file z:/build/build/src/ipc/chromium/src/base/process_util_win.cc, line 166

Build info: version: &#039;2.47.1&#039;, revision: &#039;411b314&#039;, time: &#039;2015-07-30 02:56:46&#039;
System info: host: &#039;nuvz-265&#039;, ip: &#039;10.100.20.196&#039;, os.name: &#039;Windows 10&#039;, os.arch: &#039;amd64&#039;, os.version: &#039;10.0&#039;, java.version: &#039;1.8.0_144&#039;
Driver info: driver.version: FirefoxDriver">
      <![CDATA[org.openqa.selenium.WebDriverException: Failed to connect to binary FirefoxBinary(C:\Program Files (x86)\Mozilla Firefox\firefox.exe) on port 7055; process output follows: 
,"locales":[],"targetApplications":[{"id":"toolkit@mozilla.org","minVersion":null,"maxVersion":null}],"targetPlatforms":[],"seen":true,"dependencies":[],"userPermissions":{"permissions":["tabs"],"origins":["<all_urls>"]},"icons":{"16":"icons/lightbulb.svg","32":"icons/lightbulb.svg","48":"icons/lightbulb.svg","96":"icons/lightbulb.svg","128":"icons/lightbulb.svg"},"iconURL":null,"blocklistState":0,"blocklistURL":null,"startupData":null,"hidden":true,"installTelemetryInfo":null,"location":"app-system-defaults"}
1559133710894	addons.xpi	DEBUG	Updating XPIState for {"id":"webcompat@mozilla.org","syncGUID":"{20d8ba14-7d71-4020-ba3c-e557d84ec601}","version":"3.0.2","type":"extension","loader":null,"updateURL":null,"optionsURL":null,"optionsType":null,"optionsBrowserStyle":true,"aboutURL":null,"defaultLocale":{"name":"Web Compat","description":"Urgent post-release fixes for web compatibility.","creator":null,"developers":null,"translators":null,"contributors":null},"visible":true,"active":true,"userDisabled":false,"appDisabled":false,"installDate":1557200247805,"updateDate":1557200247805,"applyBackgroundUpdates":1,"path":"C:\\Program Files (x86)\\Mozilla Firefox\\browser\\features\\webcompat@mozilla.org.xpi","skinnable":false,"sourceURI":null,"releaseNotesURI":null,"softDisabled":false,"foreignInstall":false,"strictCompatibility":true,"locales":[],"targetApplications":[{"id":"toolkit@mozilla.org","minVersion":"59.0b5","maxVersion":null}],"targetPlatforms":[],"seen":true,"dependencies":[],"userPermissions":{"permissions":["webRequest","webRequestBlocking"],"origins":["<all_urls>"]},"icons":{},"iconURL":null,"blocklistState":0,"blocklistURL":null,"startupData":null,"hidden":true,"installTelemetryInfo":null,"location":"app-system-defaults"}
1559133710894	addons.xpi-utils	DEBUG	Updating add-on states
1559133710898	addons.xpi	DEBUG	Calling bootstrap method startup on formautofill@mozilla.org version 1.0
1559133710901	addons.xpi	DEBUG	Calling bootstrap method startup on screenshots@mozilla.org version 35.0.0
1559133710902	addons.xpi	DEBUG	Calling bootstrap method startup on webcompat@mozilla.org version 3.0.2
1559133710930	addons.manager	DEBUG	Registering shutdown blocker for XPIProvider
1559133710930	addons.manager	DEBUG	Provider finished startup: XPIProvider
1559133710930	addons.manager	DEBUG	Starting provider: LightweightThemeManager
1559133710930	addons.manager	DEBUG	Registering shutdown blocker for LightweightThemeManager
1559133710931	addons.manager	DEBUG	Provider finished startup: LightweightThemeManager
1559133710932	addons.manager	DEBUG	Starting provider: GMPProvider
1559133710961	addons.manager	DEBUG	Registering shutdown blocker for GMPProvider
1559133710961	addons.manager	DEBUG	Provider finished startup: GMPProvider
1559133710962	addons.manager	DEBUG	Starting provider: PluginProvider
1559133710962	addons.manager	DEBUG	Registering shutdown blocker for PluginProvider
1559133710962	addons.manager	DEBUG	Provider finished startup: PluginProvider
1559133710973	addons.manager	DEBUG	Completed startup sequence
1559133718487	addons.repository	DEBUG	No addons.json found.
1559133727938	addons.xpi	DEBUG	Ignoring file: name is not a valid add-on ID: C:\Users\gcharchi\AppData\Local\Temp\anonymous4421326908970240099webdriver-profile\extensions\webdriver-staging
1559133727939	addons.xpi	DEBUG	Existing add-on formautofill@mozilla.org in app-system-defaults
1559133727940	addons.xpi	DEBUG	Existing add-on screenshots@mozilla.org in app-system-defaults
1559133727941	addons.xpi	DEBUG	Existing add-on webcompat-reporter@mozilla.org in app-system-defaults
1559133727941	addons.xpi	DEBUG	Existing add-on webcompat@mozilla.org in app-system-defaults
1559133727943	addons.xpi	DEBUG	scanForChanges changed: false, state: {}
JavaScript error: resource://gre/modules/addons/XPIProvider.jsm, line 2614: TypeError: addon is null
1559133728609	addons.manager	DEBUG	Registering upgrade listener for formautofill@mozilla.org
[Parent 1168, Gecko_IOThread] WARNING: file z:/build/build/src/ipc/chromium/src/base/process_util_win.cc, line 166

Build info: version: '2.47.1', revision: '411b314', time: '2015-07-30 02:56:46'
System info: host: 'nuvz-265', ip: '10.100.20.196', os.name: 'Windows 10', os.arch: 'amd64', os.version: '10.0', java.version: '1.8.0_144'
Driver info: driver.version: FirefoxDriver
	at org.openqa.selenium.firefox.internal.NewProfileExtensionConnection.start(NewProfileExtensionConnection.java:134)
	at org.openqa.selenium.firefox.FirefoxDriver.startClient(FirefoxDriver.java:276)
	at org.openqa.selenium.remote.RemoteWebDriver.<init>(RemoteWebDriver.java:116)
	at org.openqa.selenium.firefox.FirefoxDriver.<init>(FirefoxDriver.java:223)
	at org.openqa.selenium.firefox.FirefoxDriver.<init>(FirefoxDriver.java:216)
	at org.openqa.selenium.firefox.FirefoxDriver.<init>(FirefoxDriver.java:212)
	at org.openqa.selenium.firefox.FirefoxDriver.<init>(FirefoxDriver.java:125)
	at com.ng.NewTest.launchbrwser(NewTest.java:19)
	at sun.reflect.NativeMethodAccessorImpl.invoke0(Native Method)
	at sun.reflect.NativeMethodAccessorImpl.invoke(Unknown Source)
	at sun.reflect.DelegatingMethodAccessorImpl.invoke(Unknown Source)
	at java.lang.reflect.Method.invoke(Unknown Source)
	at org.testng.internal.MethodInvocationHelper.invokeMethod(MethodInvocationHelper.java:84)
	at org.testng.internal.Invoker.invokeConfigurationMethod(Invoker.java:564)
	at org.testng.internal.Invoker.invokeConfigurations(Invoker.java:213)
	at org.testng.internal.Invoker.invokeMethod(Invoker.java:653)
	at org.testng.internal.Invoker.invokeTestMethod(Invoker.java:901)
	at org.testng.internal.Invoker.invokeTestMethods(Invoker.java:1231)
	at org.testng.internal.TestMethodWorker.invokeTestMethods(TestMethodWorker.java:127)
	at org.testng.internal.TestMethodWorker.run(TestMethodWorker.java:111)
	at org.testng.TestRunner.privateRun(TestRunner.java:767)
	at org.testng.TestRunner.run(TestRunner.java:617)
	at org.testng.SuiteRunner.runTest(SuiteRunner.java:334)
	at org.testng.SuiteRunner.runSequentially(SuiteRunner.java:329)
	at org.testng.SuiteRunner.privateRun(SuiteRunner.java:291)
	at org.testng.SuiteRunner.run(SuiteRunner.java:240)
	at org.testng.SuiteRunnerWorker.runSuite(SuiteRunnerWorker.java:52)
	at org.testng.SuiteRunnerWorker.run(SuiteRunnerWorker.java:86)
	at org.testng.TestNG.runSuitesSequentially(TestNG.java:1224)
	at org.testng.TestNG.runSuitesLocally(TestNG.java:1149)
	at org.testng.TestNG.run(TestNG.java:1057)
	at org.testng.remote.AbstractRemoteTestNG.run(AbstractRemoteTestNG.java:126)
	at org.testng.remote.RemoteTestNG.initAndRun(RemoteTestNG.java:137)
	at org.testng.remote.RemoteTestNG.main(RemoteTestNG.java:58)
Caused by: org.openqa.selenium.firefox.NotConnectedException: Unable to connect to host 127.0.0.1 on port 7055 after 45000 ms. Firefox console output:
,"locales":[],"targetApplications":[{"id":"toolkit@mozilla.org","minVersion":null,"maxVersion":null}],"targetPlatforms":[],"seen":true,"dependencies":[],"userPermissions":{"permissions":["tabs"],"origins":["<all_urls>"]},"icons":{"16":"icons/lightbulb.svg","32":"icons/lightbulb.svg","48":"icons/lightbulb.svg","96":"icons/lightbulb.svg","128":"icons/lightbulb.svg"},"iconURL":null,"blocklistState":0,"blocklistURL":null,"startupData":null,"hidden":true,"installTelemetryInfo":null,"location":"app-system-defaults"}
1559133710894	addons.xpi	DEBUG	Updating XPIState for {"id":"webcompat@mozilla.org","syncGUID":"{20d8ba14-7d71-4020-ba3c-e557d84ec601}","version":"3.0.2","type":"extension","loader":null,"updateURL":null,"optionsURL":null,"optionsType":null,"optionsBrowserStyle":true,"aboutURL":null,"defaultLocale":{"name":"Web Compat","description":"Urgent post-release fixes for web compatibility.","creator":null,"developers":null,"translators":null,"contributors":null},"visible":true,"active":true,"userDisabled":false,"appDisabled":false,"installDate":1557200247805,"updateDate":1557200247805,"applyBackgroundUpdates":1,"path":"C:\\Program Files (x86)\\Mozilla Firefox\\browser\\features\\webcompat@mozilla.org.xpi","skinnable":false,"sourceURI":null,"releaseNotesURI":null,"softDisabled":false,"foreignInstall":false,"strictCompatibility":true,"locales":[],"targetApplications":[{"id":"toolkit@mozilla.org","minVersion":"59.0b5","maxVersion":null}],"targetPlatforms":[],"seen":true,"dependencies":[],"userPermissions":{"permissions":["webRequest","webRequestBlocking"],"origins":["<all_urls>"]},"icons":{},"iconURL":null,"blocklistState":0,"blocklistURL":null,"startupData":null,"hidden":true,"installTelemetryInfo":null,"location":"app-system-defaults"}
1559133710894	addons.xpi-utils	DEBUG	Updating add-on states
1559133710898	addons.xpi	DEBUG	Calling bootstrap method startup on formautofill@mozilla.org version 1.0
1559133710901	addons.xpi	DEBUG	Calling bootstrap method startup on screenshots@mozilla.org version 35.0.0
1559133710902	addons.xpi	DEBUG	Calling bootstrap method startup on webcompat@mozilla.org version 3.0.2
1559133710930	addons.manager	DEBUG	Registering shutdown blocker for XPIProvider
1559133710930	addons.manager	DEBUG	Provider finished startup: XPIProvider
1559133710930	addons.manager	DEBUG	Starting provider: LightweightThemeManager
1559133710930	addons.manager	DEBUG	Registering shutdown blocker for LightweightThemeManager
1559133710931	addons.manager	DEBUG	Provider finished startup: LightweightThemeManager
1559133710932	addons.manager	DEBUG	Starting provider: GMPProvider
1559133710961	addons.manager	DEBUG	Registering shutdown blocker for GMPProvider
1559133710961	addons.manager	DEBUG	Provider finished startup: GMPProvider
1559133710962	addons.manager	DEBUG	Starting provider: PluginProvider
1559133710962	addons.manager	DEBUG	Registering shutdown blocker for PluginProvider
1559133710962	addons.manager	DEBUG	Provider finished startup: PluginProvider
1559133710973	addons.manager	DEBUG	Completed startup sequence
1559133718487	addons.repository	DEBUG	No addons.json found.
1559133727938	addons.xpi	DEBUG	Ignoring file: name is not a valid add-on ID: C:\Users\gcharchi\AppData\Local\Temp\anonymous4421326908970240099webdriver-profile\extensions\webdriver-staging
1559133727939	addons.xpi	DEBUG	Existing add-on formautofill@mozilla.org in app-system-defaults
1559133727940	addons.xpi	DEBUG	Existing add-on screenshots@mozilla.org in app-system-defaults
1559133727941	addons.xpi	DEBUG	Existing add-on webcompat-reporter@mozilla.org in app-system-defaults
1559133727941	addons.xpi	DEBUG	Existing add-on webcompat@mozilla.org in app-system-defaults
1559133727943	addons.xpi	DEBUG	scanForChanges changed: false, state: {}
JavaScript error: resource://gre/modules/addons/XPIProvider.jsm, line 2614: TypeError: addon is null
1559133728609	addons.manager	DEBUG	Registering upgrade listener for formautofill@mozilla.org
[Parent 1168, Gecko_IOThread] WARNING: file z:/build/build/src/ipc/chromium/src/base/process_util_win.cc, line 166

	at org.openqa.selenium.firefox.internal.NewProfileExtensionConnection.start(NewProfileExtensionConnection.java:122)
	... 33 more
]]>
    </failure>
  </testcase> <!-- f -->
</testsuite> <!-- com.ng.NewTest -->
